\BOOKMARK [1][-]{section.1}{\376\377\003\240\003\265\003\301\003\271\003\263\003\301\003\261\003\306\003\256}{}% 1
\BOOKMARK [1][-]{section.2}{\376\377\003\224\003\265\003\264\003\277\003\274\003\255\003\275\003\261}{}% 2
\BOOKMARK [2][-]{subsection.2.1}{\376\377\003\240\003\267\003\263\003\255\003\302\000\040\003\264\003\265\003\264\003\277\003\274\003\255\003\275\003\311\003\275}{section.2}% 3
\BOOKMARK [2][-]{subsection.2.2}{\376\377\003\225\003\300\003\271\003\273\003\277\003\263\003\256\000\040\003\264\003\265\003\264\003\277\003\274\003\255\003\275\003\311\003\275}{section.2}% 4
\BOOKMARK [1][-]{section.3}{\376\377\003\240\003\265\003\271\003\301\003\254\003\274\003\261\003\304\003\261}{}% 5
\BOOKMARK [1][-]{section.4}{\376\377\003\221\003\300\003\277\003\304\003\265\003\273\003\255\003\303\003\274\003\261\003\304\003\261}{}% 6
\BOOKMARK [2][-]{subsection.4.1}{\376\377\003\240\003\265\003\257\003\301\003\261\003\274\003\261\000\040\0001}{section.4}% 7
\BOOKMARK [2][-]{subsection.4.2}{\376\377\003\240\003\265\003\257\003\301\003\261\003\274\003\261\000\040\0002}{section.4}% 8
\BOOKMARK [2][-]{subsection.4.3}{\376\377\003\240\003\265\003\257\003\301\003\261\003\274\003\261\000\040\0003}{section.4}% 9
\BOOKMARK [2][-]{subsection.4.4}{\376\377\003\240\003\265\003\257\003\301\003\261\003\274\003\261\000\040\0004}{section.4}% 10
\BOOKMARK [1][-]{section.5}{\376\377\003\240\003\301\003\277\003\304\003\254\003\303\003\265\003\271\003\302}{}% 11
\BOOKMARK [1][-]{section.6}{\376\377\003\210\003\275\003\270\003\265\003\304\003\277}{}% 12
\BOOKMARK [1][-]{section.7}{\376\377\003\225\003\300\003\261\003\275\003\265\003\272\003\257\003\275\003\267\003\303\003\267\000\040\003\274\003\265\003\304\003\254\000\040\003\304\003\261\000\040\003\247\003\301\003\271\003\303\003\304\003\277\003\315\003\263\003\265\003\275\003\275\003\261}{}% 13
\BOOKMARK [1][-]{section.8}{\376\377\003\224\003\277\003\272\003\271\003\274\003\255\003\302\000\040\003\263\003\271\003\261\000\040\003\264\003\271\003\261\003\306\003\277\003\301\003\265\003\304\003\271\003\272\003\254\000\040\003\262\003\254\003\301\003\267\000\040\003\303\003\304\003\271\003\302\000\040\003\300\003\261\003\301\003\261\003\274\003\255\003\304\003\301\003\277\003\305\003\302}{}% 14
\BOOKMARK [1][-]{section.9}{\376\377\003\223\003\271\003\261\000\040\003\304\003\267\000\040\0003\0001\003\267\000\040\003\223\003\265\003\275\003\254\003\301\003\267}{}% 15
\BOOKMARK [1][-]{section.10}{\376\377\003\223\003\271\003\221\000\040\003\304\003\267\003\275\000\040\0002\0008\003\267\000\040\003\246\003\265\003\262\003\301\003\277\003\305\003\261\003\301\003\257\003\277\003\305}{}% 16
\BOOKMARK [2][-]{subsection.10.1}{\376\377\003\221\003\273\003\273\003\261\003\263\003\256\000\040\0001}{section.10}% 17
\BOOKMARK [2][-]{subsection.10.2}{\376\377\003\234\003\265\003\303\003\261\003\257\003\261\000\040\003\307\003\316\003\301\003\261\000\040\003\261\003\275\003\254\000\040\003\304\003\261\000\040\003\255\003\304\003\267}{section.10}% 18
\BOOKMARK [2][-]{subsection.10.3}{\376\377\003\214\003\273\003\265\003\302\000\040\003\277\003\271\000\040\003\307\003\316\003\301\003\265\003\302\000\040\003\263\003\271\003\261\000\040\003\314\003\273\003\261\000\040\003\304\003\261\000\040\003\255\003\304\003\267}{section.10}% 19
\BOOKMARK [1][-]{section.11}{\376\377\003\223\003\271\003\261\000\040\003\304\003\267\000\040\0001\0004\003\267\000\040\003\234\003\261\003\301\003\304\003\257\003\277\003\305}{}% 20
\BOOKMARK [2][-]{subsection.11.1}{\376\377\003\240\003\257\003\275\003\261\003\272\003\261\003\302\000\040\000r\0002\000\040\003\274\003\265\000\040\003\262\003\255\003\273\003\304\003\271\003\303\003\304\003\261\000\040\003\265\003\300\003\271\003\273\003\265\003\263\003\274\003\255\003\275\003\261\000\040\003\262\003\254\003\301\003\267}{section.11}% 21
\BOOKMARK [2][-]{subsection.11.2}{\376\377\003\237\003\300\003\304\003\271\003\272\003\277\003\300\003\277\003\257\003\267\003\303\003\267\000\040\003\264\003\265\003\264\003\277\003\274\003\255\003\275\003\311\003\275}{section.11}% 22
\BOOKMARK [3][-]{subsubsection.11.2.1}{\376\377\003\240\003\273\003\267\003\270\003\305\003\303\003\274\003\314\003\302}{subsection.11.2}% 23
\BOOKMARK [3][-]{subsubsection.11.2.2}{\376\377\003\240\003\273\003\267\003\270\003\311\003\301\003\271\003\303\003\274\003\314\003\302}{subsection.11.2}% 24
\BOOKMARK [3][-]{subsubsection.11.2.3}{\376\377\000T\000o\000t\000a\000l\000\040\000e\000n\000e\000r\000g\000y\000\040\000S\000u\000p\000p\000l\000y}{subsection.11.2}% 25
\BOOKMARK [3][-]{subsubsection.11.2.4}{\376\377\000G\000D\000P\000\040\000p\000e\000r\000\040\000c\000a\000p\000i\000t\000a}{subsection.11.2}% 26
\BOOKMARK [3][-]{subsubsection.11.2.5}{\376\377\000V\000e\000r\000i\000f\000i\000e\000d\000\040\000e\000m\000i\000s\000s\000i\000o\000n\000s}{subsection.11.2}% 27
\BOOKMARK [3][-]{subsubsection.11.2.6}{\376\377\000A\000g\000r\000i\000c\000u\000l\000t\000u\000r\000e}{subsection.11.2}% 28
\BOOKMARK [3][-]{subsubsection.11.2.7}{\376\377\000I\000n\000d\000u\000s\000t\000r\000y}{subsection.11.2}% 29
\BOOKMARK [3][-]{subsubsection.11.2.8}{\376\377\000M\000a\000n\000u\000f\000a\000c\000t\000u\000r\000i\000n\000g}{subsection.11.2}% 30
\BOOKMARK [1][-]{section.12}{\376\377\003\223\003\271\003\261\000\040\003\304\003\267\003\275\000\040\0002\0001\003\267\000\040\003\234\003\261\003\301\003\304\003\257\003\277\003\305}{}% 31
\BOOKMARK [2][-]{subsection.12.1}{\376\377\003\223\003\271\003\261\003\304\003\257\000\040\003\267\000\040\003\240\003\277\003\273\003\311\003\275\003\257\003\261\000\040\003\272\003\261\003\271\000\040\003\267\000\040\003\223\003\261\003\273\003\273\003\257\003\261\000\040\003\261\003\300\003\277\003\304\003\305\003\263\003\307\003\254\003\275\003\277\003\305\003\275\000\040\003\275\003\261\000\040\003\265\003\276\003\267\003\263\003\256\003\303\003\277\003\305\003\275\000\040\003\304\003\271\003\302\000\040\003\254\003\273\003\273\003\265\003\302\000\040\003\300\003\301\003\271\003\275\000\040\003\304\003\277\000\040\0002\0000\0001\0002\000;}{section.12}% 32
\BOOKMARK [2][-]{subsection.12.2}{\376\377\003\244\003\261\000\040\003\262\003\255\003\273\003\304\003\271\003\303\003\304\003\261\000\040\003\262\003\254\003\301\003\267\000\040\003\263\003\271\003\261\000\040\003\314\003\273\003\261\000\040\003\304\003\261\000\040\003\303\003\265\003\275\003\254\003\301\003\271\003\261}{section.12}% 33
\BOOKMARK [1][-]{section.13}{\376\377\003\223\003\271\003\261\000\040\003\304\003\267\003\275\000\040\0002\0008\003\267\000\040\003\234\003\261\003\301\003\304\003\257\003\277\003\305}{}% 34
\BOOKMARK [2][-]{subsection.13.1}{\376\377\003\244\003\271\000\040\003\314\003\275\003\304\003\311\003\302\000\040\003\255\003\272\003\261\003\275\003\261}{section.13}% 35
\BOOKMARK [2][-]{subsection.13.2}{\376\377\000P\000P\000S\000\040\000\050\000P\000u\000r\000c\000h\000a\000s\000i\000n\000g\000\040\000P\000o\000w\000e\000r\000\040\000S\000t\000a\000n\000d\000a\000r\000d\000s\000\051}{section.13}% 36
\BOOKMARK [3][-]{subsubsection.13.2.1}{\376\377\003\247\003\301\003\256\003\303\003\267\000\040\000P\000P\000S}{subsection.13.2}% 37
\BOOKMARK [3][-]{subsubsection.13.2.2}{\376\377\003\245\003\300\003\277\003\273\003\277\003\263\003\271\003\303\003\274\003\314\003\302}{subsection.13.2}% 38
\BOOKMARK [2][-]{subsection.13.3}{\376\377\000P\000o\000w\000e\000r\000\040\000I\000n\000t\000e\000n\000s\000i\000t\000y}{section.13}% 39
\BOOKMARK [2][-]{subsection.13.4}{\376\377\003\223\003\271\003\261\000\040\003\304\003\267\003\275\000\040\003\265\003\300\003\314\003\274\003\265\003\275\003\267\000\040\003\306\003\277\003\301\003\254}{section.13}% 40
\BOOKMARK [3][-]{subsubsection.13.4.1}{\376\377\003\243\003\265\000\040\003\264\003\265\003\315\003\304\003\265\003\301\000o\000\040\003\307\003\301\003\314\003\275\003\277}{subsection.13.4}% 41
\BOOKMARK [3][-]{subsubsection.13.4.2}{\376\377\003\206\003\274\003\265\003\303\003\261\000,\000\040\003\263\003\271\003\261\000\040\003\304\003\277\000\040\003\304\003\265\003\304\003\301\003\261\003\303\003\255\003\273\003\271\003\264\003\277}{subsection.13.4}% 42
\BOOKMARK [1][-]{section.14}{\376\377\003\223\003\271\003\261\000\040\003\304\003\271\003\302\000\040\0004\000\040\003\221\003\300\003\301\003\271\003\273\003\257\003\277\003\305}{}% 43
\BOOKMARK [2][-]{subsection.14.1}{\376\377\003\243\003\305\003\303\003\304\003\261\003\264\003\277\003\300\003\277\003\257\003\267\003\303\003\267\000\040\000\050\003\255\003\300\003\301\003\265\003\300\003\265\000.\000.\000.\000\051}{section.14}% 44
\BOOKMARK [3][-]{subsubsection.14.1.1}{\376\377\003\240\003\273\003\256\003\270\003\277\003\302\000\040\003\303\003\305\003\303\003\304\003\254\003\264\003\311\003\275}{subsection.14.1}% 45
\BOOKMARK [3][-]{subsubsection.14.1.2}{\376\377\003\222\003\255\003\273\003\304\003\271\003\303\003\304\003\265\003\302\000\040\003\303\003\305\003\303\003\304\003\254\003\264\003\265\003\302}{subsection.14.1}% 46
\BOOKMARK [3][-]{subsubsection.14.1.3}{\376\377\003\243\003\305\003\303\003\304\003\254\003\264\003\265\003\302\000,\000\040\003\261\003\275\000\040\003\314\003\273\003\261\000\040\003\304\003\261\000\040\003\264\003\265\003\264\003\277\003\274\003\255\003\275\003\261\000\040\003\256\003\304\003\261\003\275\000\040\003\272\003\261\003\304\003\254\000\040\003\272\003\265\003\306\003\261\003\273\003\256\003\275\000\040\003\272\003\261\003\271\000\040\003\272\003\261\003\275\003\277\003\275\003\271\003\272\003\277\003\300\003\277\003\271\003\267\003\274\003\255\003\275\003\261\000\040\003\315\003\303\003\304\003\265\003\301\003\261}{subsection.14.1}% 47
\BOOKMARK [2][-]{subsection.14.2}{\376\377\003\231\003\272\003\261\003\275\003\314\003\304\003\267\003\304\003\261\000\040\003\265\003\276\003\256\003\263\003\267\003\303\003\267\003\302\000\040\003\305\003\300\003\277\003\273\003\277\003\257\003\300\003\311\003\275\000\040\003\274\003\255\003\303\003\261\000\040\003\303\003\304\003\267\003\275\000\040\003\257\003\264\003\271\003\261\000\040\003\303\003\305\003\303\003\304\003\254\003\264\003\261}{section.14}% 48
\BOOKMARK [2][-]{subsection.14.3}{\376\377\003\245\003\300\003\254\003\301\003\307\003\265\003\271\000\040\003\272\003\254\003\300\003\277\003\271\003\261\000\040\003\265\003\315\003\272\003\277\003\273\003\267\000\040\003\303\003\307\003\255\003\303\003\267\000\040\003\274\003\265\003\304\003\261\003\276\003\315\000\040\003\304\003\311\003\275\000\040\003\264\003\311\003\301\003\265\003\254\003\275\000\040\003\261\003\264\003\265\003\271\003\316\003\275\000\040\003\272\003\261\003\271\000\040\003\272\003\254\003\300\003\277\003\271\003\277\003\305\000\040\000f\000e\000a\000t\000u\000r\000e\000;}{section.14}% 49
