\BOOKMARK [1][-]{section.1}{\376\377\003\225\003\300\003\261\003\275\003\265\003\272\003\257\003\275\003\267\003\303\003\267\000\040\003\274\003\265\003\304\003\254\000\040\003\304\003\261\000\040\003\247\003\301\003\271\003\303\003\304\003\277\003\315\003\263\003\265\003\275\003\275\003\261}{}% 1
\BOOKMARK [1][-]{section.2}{\376\377\003\224\003\277\003\272\003\271\003\274\003\255\003\302\000\040\003\263\003\271\003\261\000\040\003\264\003\271\003\261\003\306\003\277\003\301\003\265\003\304\003\271\003\272\003\254\000\040\003\262\003\254\003\301\003\267\000\040\003\303\003\304\003\271\003\302\000\040\003\300\003\261\003\301\003\261\003\274\003\255\003\304\003\301\003\277\003\305\003\302}{}% 2
\BOOKMARK [1][-]{section.3}{\376\377\003\223\003\271\003\261\000\040\003\304\003\267\000\040\0003\0001\003\267\000\040\003\223\003\265\003\275\003\254\003\301\003\267}{}% 3
\BOOKMARK [1][-]{section.4}{\376\377\003\223\003\271\003\221\000\040\003\304\003\267\003\275\000\040\0002\0008\003\267\000\040\003\246\003\265\003\262\003\301\003\277\003\305\003\261\003\301\003\257\003\277\003\305}{}% 4
\BOOKMARK [2][-]{subsection.4.1}{\376\377\003\221\003\273\003\273\003\261\003\263\003\256\000\040\0001}{section.4}% 5
\BOOKMARK [2][-]{subsection.4.2}{\376\377\003\234\003\265\003\303\003\261\003\257\003\261\000\040\003\307\003\316\003\301\003\261\000\040\003\261\003\275\003\254\000\040\003\304\003\261\000\040\003\255\003\304\003\267}{section.4}% 6
\BOOKMARK [2][-]{subsection.4.3}{\376\377\003\214\003\273\003\265\003\302\000\040\003\277\003\271\000\040\003\307\003\316\003\301\003\265\003\302\000\040\003\263\003\271\003\261\000\040\003\314\003\273\003\261\000\040\003\304\003\261\000\040\003\255\003\304\003\267}{section.4}% 7
\BOOKMARK [1][-]{section.5}{\376\377\003\223\003\271\003\261\000\040\003\304\003\267\000\040\0001\0004\003\267\000\040\003\234\003\261\003\301\003\304\003\257\003\277\003\305}{}% 8
\BOOKMARK [2][-]{subsection.5.1}{\376\377\003\240\003\257\003\275\003\261\003\272\003\261\003\302\000\040\000r\0002\000\040\003\274\003\265\000\040\003\262\003\255\003\273\003\304\003\271\003\303\003\304\003\261\000\040\003\265\003\300\003\271\003\273\003\265\003\263\003\274\003\255\003\275\003\261\000\040\003\262\003\254\003\301\003\267}{section.5}% 9
\BOOKMARK [2][-]{subsection.5.2}{\376\377\003\237\003\300\003\304\003\271\003\272\003\277\003\300\003\277\003\257\003\267\003\303\003\267\000\040\003\264\003\265\003\264\003\277\003\274\003\255\003\275\003\311\003\275}{section.5}% 10
\BOOKMARK [3][-]{subsubsection.5.2.1}{\376\377\003\240\003\273\003\267\003\270\003\305\003\303\003\274\003\314\003\302}{subsection.5.2}% 11
\BOOKMARK [3][-]{subsubsection.5.2.2}{\376\377\003\240\003\273\003\267\003\270\003\311\003\301\003\271\003\303\003\274\003\314\003\302}{subsection.5.2}% 12
\BOOKMARK [3][-]{subsubsection.5.2.3}{\376\377\000T\000o\000t\000a\000l\000\040\000e\000n\000e\000r\000g\000y\000\040\000S\000u\000p\000p\000l\000y}{subsection.5.2}% 13
\BOOKMARK [3][-]{subsubsection.5.2.4}{\376\377\000G\000D\000P\000\040\000p\000e\000r\000\040\000c\000a\000p\000i\000t\000a}{subsection.5.2}% 14
\BOOKMARK [3][-]{subsubsection.5.2.5}{\376\377\000V\000e\000r\000i\000f\000i\000e\000d\000\040\000e\000m\000i\000s\000s\000i\000o\000n\000s}{subsection.5.2}% 15
\BOOKMARK [3][-]{subsubsection.5.2.6}{\376\377\000A\000g\000r\000i\000c\000u\000l\000t\000u\000r\000e}{subsection.5.2}% 16
\BOOKMARK [3][-]{subsubsection.5.2.7}{\376\377\000I\000n\000d\000u\000s\000t\000r\000y}{subsection.5.2}% 17
\BOOKMARK [3][-]{subsubsection.5.2.8}{\376\377\000M\000a\000n\000u\000f\000a\000c\000t\000u\000r\000i\000n\000g}{subsection.5.2}% 18
\BOOKMARK [1][-]{section.6}{\376\377\003\223\003\271\003\261\000\040\003\304\003\267\003\275\000\040\0002\0001\003\267\000\040\003\234\003\261\003\301\003\304\003\257\003\277\003\305}{}% 19
\BOOKMARK [2][-]{subsection.6.1}{\376\377\003\223\003\271\003\261\003\304\003\257\000\040\003\267\000\040\003\240\003\277\003\273\003\311\003\275\003\257\003\261\000\040\003\272\003\261\003\271\000\040\003\267\000\040\003\223\003\261\003\273\003\273\003\257\003\261\000\040\003\261\003\300\003\277\003\304\003\305\003\263\003\307\003\254\003\275\003\277\003\305\003\275\000\040\003\275\003\261\000\040\003\265\003\276\003\267\003\263\003\256\003\303\003\277\003\305\003\275\000\040\003\304\003\271\003\302\000\040\003\254\003\273\003\273\003\265\003\302\000\040\003\300\003\301\003\271\003\275\000\040\003\304\003\277\000\040\0002\0000\0001\0002\000;}{section.6}% 20
\BOOKMARK [2][-]{subsection.6.2}{\376\377\003\244\003\261\000\040\003\262\003\255\003\273\003\304\003\271\003\303\003\304\003\261\000\040\003\262\003\254\003\301\003\267\000\040\003\263\003\271\003\261\000\040\003\314\003\273\003\261\000\040\003\304\003\261\000\040\003\303\003\265\003\275\003\254\003\301\003\271\003\261}{section.6}% 21
\BOOKMARK [1][-]{section.7}{\376\377\003\223\003\271\003\261\000\040\003\304\003\267\003\275\000\040\0002\0008\003\267\000\040\003\234\003\261\003\301\003\304\003\257\003\277\003\305}{}% 22
\BOOKMARK [2][-]{subsection.7.1}{\376\377\003\244\003\271\000\040\003\314\003\275\003\304\003\311\003\302\000\040\003\255\003\272\003\261\003\275\003\261}{section.7}% 23
\BOOKMARK [2][-]{subsection.7.2}{\376\377\000P\000P\000S\000\040\000\050\000P\000u\000r\000c\000h\000a\000s\000i\000n\000g\000\040\000P\000o\000w\000e\000r\000\040\000S\000t\000a\000n\000d\000a\000r\000d\000s\000\051}{section.7}% 24
\BOOKMARK [3][-]{subsubsection.7.2.1}{\376\377\003\247\003\301\003\256\003\303\003\267\000\040\000P\000P\000S}{subsection.7.2}% 25
\BOOKMARK [3][-]{subsubsection.7.2.2}{\376\377\003\245\003\300\003\277\003\273\003\277\003\263\003\271\003\303\003\274\003\314\003\302}{subsection.7.2}% 26
\BOOKMARK [2][-]{subsection.7.3}{\376\377\000P\000o\000w\000e\000r\000\040\000I\000n\000t\000e\000n\000s\000i\000t\000y}{section.7}% 27
\BOOKMARK [2][-]{subsection.7.4}{\376\377\003\223\003\271\003\261\000\040\003\304\003\267\003\275\000\040\003\265\003\300\003\314\003\274\003\265\003\275\003\267\000\040\003\306\003\277\003\301\003\254}{section.7}% 28
\BOOKMARK [3][-]{subsubsection.7.4.1}{\376\377\003\243\003\265\000\040\003\264\003\265\003\315\003\304\003\265\003\301\000o\000\040\003\307\003\301\003\314\003\275\003\277}{subsection.7.4}% 29
\BOOKMARK [3][-]{subsubsection.7.4.2}{\376\377\003\206\003\274\003\265\003\303\003\261\000,\000\040\003\263\003\271\003\261\000\040\003\304\003\277\000\040\003\304\003\265\003\304\003\301\003\261\003\303\003\255\003\273\003\271\003\264\003\277}{subsection.7.4}% 30
\BOOKMARK [1][-]{section.8}{\376\377\003\223\003\271\003\261\000\040\003\304\003\271\003\302\000\040\0004\000\040\003\221\003\300\003\301\003\271\003\273\003\257\003\277\003\305}{}% 31
\BOOKMARK [2][-]{subsection.8.1}{\376\377\003\243\003\305\003\303\003\304\003\261\003\264\003\277\003\300\003\277\003\257\003\267\003\303\003\267\000\040\000\050\003\255\003\300\003\301\003\265\003\300\003\265\000.\000.\000.\000\051}{section.8}% 32
\BOOKMARK [3][-]{subsubsection.8.1.1}{\376\377\003\240\003\273\003\256\003\270\003\277\003\302\000\040\003\303\003\305\003\303\003\304\003\254\003\264\003\311\003\275}{subsection.8.1}% 33
\BOOKMARK [3][-]{subsubsection.8.1.2}{\376\377\003\222\003\255\003\273\003\304\003\271\003\303\003\304\003\265\003\302\000\040\003\303\003\305\003\303\003\304\003\254\003\264\003\265\003\302}{subsection.8.1}% 34
\BOOKMARK [3][-]{subsubsection.8.1.3}{\376\377\003\243\003\305\003\303\003\304\003\254\003\264\003\265\003\302\000,\000\040\003\261\003\275\000\040\003\314\003\273\003\261\000\040\003\304\003\261\000\040\003\264\003\265\003\264\003\277\003\274\003\255\003\275\003\261\000\040\003\256\003\304\003\261\003\275\000\040\003\272\003\261\003\304\003\254\000\040\003\272\003\265\003\306\003\261\003\273\003\256\003\275\000\040\003\272\003\261\003\271\000\040\003\272\003\261\003\275\003\277\003\275\003\271\003\272\003\277\003\300\003\277\003\271\003\267\003\274\003\255\003\275\003\261\000\040\003\315\003\303\003\304\003\265\003\301\003\261}{subsection.8.1}% 35
\BOOKMARK [2][-]{subsection.8.2}{\376\377\003\231\003\272\003\261\003\275\003\314\003\304\003\267\003\304\003\261\000\040\003\265\003\276\003\256\003\263\003\267\003\303\003\267\003\302\000\040\003\305\003\300\003\277\003\273\003\277\003\257\003\300\003\311\003\275\000\040\003\274\003\255\003\303\003\261\000\040\003\303\003\304\003\267\003\275\000\040\003\257\003\264\003\271\003\261\000\040\003\303\003\305\003\303\003\304\003\254\003\264\003\261}{section.8}% 36
\BOOKMARK [2][-]{subsection.8.3}{\376\377\003\245\003\300\003\254\003\301\003\307\003\265\003\271\000\040\003\272\003\254\003\300\003\277\003\271\003\261\000\040\003\265\003\315\003\272\003\277\003\273\003\267\000\040\003\303\003\307\003\255\003\303\003\267\000\040\003\274\003\265\003\304\003\261\003\276\003\315\000\040\003\304\003\311\003\275\000\040\003\264\003\311\003\301\003\265\003\254\003\275\000\040\003\261\003\264\003\265\003\271\003\316\003\275\000\040\003\272\003\261\003\271\000\040\003\272\003\254\003\300\003\277\003\271\003\277\003\305\000\040\000f\000e\000a\000t\000u\000r\000e\000;}{section.8}% 37
\BOOKMARK [2][-]{subsection.8.4}{\376\377\003\216\003\303\003\304\003\265\003\301\003\261\000\040\003\261\003\300\003\314\000\040\003\261\003\273\003\273\003\261\003\263\003\256\000\040\003\303\003\304\003\277\003\275\000\040\003\304\003\301\003\314\003\300\003\277\000\040\003\304\003\267\003\302\000\040\003\272\003\261\003\275\003\277\003\275\003\271\003\272\003\277\003\300\003\277\003\257\003\267\003\303\003\267\003\302}{section.8}% 38
\BOOKMARK [2][-]{subsection.8.5}{\376\377\000T\000o\000\040\000d\000o\000\040\000l\000i\000s\000t}{section.8}% 39
\BOOKMARK [1][-]{section.9}{\376\377\003\223\003\271\003\261\000\040\003\304\003\267\003\275\000\040\0002\003\267\000\040\003\234\003\261\003\220\003\277\003\305}{}% 40
\BOOKMARK [1][-]{section.10}{\376\377\003\223\003\271\003\261\000\040\003\304\003\271\003\302\000\040\0001\0006\000\040\003\234\003\261\003\220\003\277\003\305}{}% 41
\BOOKMARK [2][-]{subsection.10.1}{\376\377\000T\000o\000\040\000d\000o}{section.10}% 42
\BOOKMARK [2][-]{subsection.10.2}{\376\377\003\224\003\265\003\275\000\040\003\274\003\277\003\271\003\254\003\266\003\265\003\271\000\040\003\275\003\261\000\040\003\274\003\300\003\277\003\301\003\265\003\257\000\040\003\275\003\261\000\040\003\300\003\301\003\277\003\303\003\277\003\274\003\277\003\271\003\311\003\270\003\265\003\257\000\040\003\261\003\300\003\273\003\254\000\040\003\304\003\277\000\040\000E\000n\000e\000r\000g\000y\000\040\000I\000n\000t\000e\000n\000s\000i\000t\000y}{section.10}% 43
\BOOKMARK [2][-]{subsection.10.3}{\376\377\003\224\003\271\003\261\003\306\003\277\003\301\003\265\003\304\003\271\003\272\003\254\000\040\003\274\003\255\003\304\003\301\003\261\000\040\003\261\003\300\003\314\003\264\003\277\003\303\003\267\003\302\000\040\000/\000\040\003\261\003\300\003\277\003\304\003\265\003\273\003\265\003\303\003\274\003\261\003\304\003\271\003\272\003\314\003\304\003\267\003\304\003\261\003\302}{section.10}% 44
\BOOKMARK [2][-]{subsection.10.4}{\376\377\003\223\003\271\003\261\000\040\003\304\003\267\003\275\000\040\003\265\003\300\003\314\003\274\003\265\003\275\003\267\000\040\003\306\003\277\003\301\003\254}{section.10}% 45
\BOOKMARK [1][-]{section.11}{\376\377\003\223\003\271\003\261\000\040\003\304\003\271\003\302\000\040\0002\0003\000\040\003\234\003\261\003\220\003\277\003\305}{}% 46
\BOOKMARK [2][-]{subsection.11.1}{\376\377\0002\0001\000-\0009\0009\000\040\000C\000a\000n\000n\000o\000t\000\040\000b\000e\000\040\000u\000s\000e\000d\000\040\000a\000\040\000p\000r\000o\000x\000y}{section.11}% 47
\BOOKMARK [2][-]{subsection.11.2}{\376\377\003\247\003\301\003\256\003\303\003\267\000\040\003\304\003\277\003\305\000\040\000G\000D\000P\000p\000p\000s}{section.11}% 48
\BOOKMARK [2][-]{subsection.11.3}{\376\377\003\247\003\311\003\301\003\257\003\302\000\040\003\221\003\305\003\303\003\304\003\301\003\257\003\261\000,\000\040\003\233\003\271\003\270\003\277\003\305\003\261\003\275\003\257\003\261\000\040\003\272\003\261\003\271\000\040\003\246\003\271\003\275\003\273\003\261\003\275\003\264\003\257\003\261}{section.11}% 49
\BOOKMARK [1][-]{section.12}{\376\377\003\223\003\271\003\261\000\040\003\304\003\267\000\040\0001\0003\003\267\000\040\003\234\003\261\003\220\003\277\003\305}{}% 50
\BOOKMARK [2][-]{subsection.12.1}{\376\377\003\244\003\277\000\040\003\300\003\301\003\314\003\262\003\273\003\267\003\274\003\261\000\040\003\274\003\265\000\040\003\304\003\277\000\040\003\300\003\273\003\261\003\303\003\274\003\261\003\304\003\271\003\272\003\314\000\040\000e\000n\000e\000r\000g\000y\000\040\000I\000n\000t\000e\000n\000s\000i\000t\000y}{section.12}% 51
\BOOKMARK [2][-]{subsection.12.2}{\376\377\000C\000l\000u\000s\000t\000e\000r\000i\000n\000g\000\040\000s\000e\000\040\000s\000e\000c\000t\000o\000r\000s}{section.12}% 52
\BOOKMARK [2][-]{subsection.12.3}{\376\377\003\244\003\271\000\040\003\265\003\271\003\300\003\316\003\270\003\267\003\272\003\265\000\040\003\303\003\304\003\267\003\275\000\040\003\272\003\273\003\257\003\303\003\267}{section.12}% 53
\BOOKMARK [1][-]{section.13}{\376\377\003\240\003\261\003\315\003\303\003\267\000\040\003\232\003\261\003\273\003\277\003\272\003\261\003\271\003\301\003\271\003\277\003\315}{}% 54
\BOOKMARK [1][-]{section.14}{\376\377\003\225\003\300\003\261\003\275\003\265\003\272\003\272\003\257\003\275\003\267\003\303\003\267\000\040\003\234\003\265\003\304\003\254\000\040\003\304\003\267\003\275\000\040\003\300\003\261\003\315\003\303\003\267\000\040\003\304\003\277\003\305\000\040\003\272\003\261\003\273\003\277\003\272\003\261\003\271\003\301\003\271\003\277\003\315}{}% 55
\BOOKMARK [2][-]{subsection.14.1}{\376\377\000P\000o\000l\000u\000t\000i\000o\000n\000\040\000P\000e\000r\000m\000i\000t\000s\000:\000\040\000E\000f\000f\000i\000c\000i\000e\000n\000c\000y\000\040\000b\000y\000\040\000D\000e\000s\000i\000g\000n}{section.14}% 56
\BOOKMARK [2][-]{subsection.14.2}{\376\377\003\240\003\261\003\301\003\277\003\305\003\303\003\257\003\261\003\303\003\267\000\040\003\263\003\271\003\261\000\040\003\304\003\277\000\040\000p\000a\000p\000e\000r}{section.14}% 57
\BOOKMARK [2][-]{subsection.14.3}{\376\377\0001\000\040\000s\000e\000c\000t\000o\000r}{section.14}% 58
\BOOKMARK [1][-]{section.15}{\376\377\003\243\003\305\003\275\003\254\003\275\003\304\003\267\003\303\003\267\000\040\003\303\003\304\003\277\000\040\003\234\003\237\003\240\000\040\0001\0000\000/\0001\0000\000/\0002\0003}{}% 59
\BOOKMARK [2][-]{subsection.15.1}{\376\377\003\240\003\301\003\277\003\272\003\315\003\300\003\304\003\277\003\275\003\304\003\261\000\040\003\265\003\301\003\311\003\304\003\256\003\274\003\261\003\304\003\261}{section.15}% 60
\BOOKMARK [2][-]{subsection.15.2}{\376\377\003\240\003\301\003\277\003\304\003\265\003\271\003\275\003\314\003\274\003\265\003\275\003\277\003\271\000\040\003\303\003\304\003\314\003\307\003\277\003\271}{section.15}% 61
\BOOKMARK [1][-]{section.16}{\376\377\003\243\003\305\003\275\003\254\003\275\003\304\003\267\003\303\003\267\000\040\003\303\003\304\003\277\000\040\003\234\003\237\003\240\000\040\0003\0001\000/\0001\0000\000/\0002\0003}{}% 62
\BOOKMARK [2][-]{subsection.16.1}{\376\377\003\243\003\267\003\274\003\261\003\275\003\304\003\271\003\272\003\254\000\040\003\225\003\271\003\300\003\311\003\270\003\255\003\275\003\304\003\261}{section.16}% 63
\BOOKMARK [2][-]{subsection.16.2}{\376\377\003\243\003\304\003\314\003\307\003\277\003\271}{section.16}% 64
\BOOKMARK [1][-]{section.17}{\376\377\003\243\003\305\003\275\003\254\003\275\003\304\003\267\003\303\003\267\000\040\003\274\003\255\003\303\003\311\000\040\000S\000k\000y\000p\000e\000\040\003\303\003\304\003\271\003\302\000\040\0005\000\040\003\235\003\277\003\265\003\274\003\262\003\301\003\257\003\277\003\305\000\040\0002\0000\0002\0003}{}% 65
\BOOKMARK [2][-]{subsection.17.1}{\376\377\003\224\003\267\003\274\003\271\003\277\003\305\003\301\003\263\003\257\003\261\000\040\003\243\003\305\003\275\003\270\003\265\003\304\003\271\003\272\003\316\003\275\000\040\003\224\003\265\003\264\003\277\003\274\003\255\003\275\003\311\003\275}{section.17}% 66
\BOOKMARK [2][-]{subsection.17.2}{\376\377\003\221\003\275\003\254\003\273\003\305\003\303\003\267\000\040\003\225\003\304\003\261\003\271\003\301\003\271\003\272\003\316\003\275\000\040\003\243\003\305\003\275\003\261\003\301\003\304\003\256\003\303\003\265\003\311\003\275}{section.17}% 67
\BOOKMARK [2][-]{subsection.17.3}{\376\377\003\243\003\304\003\314\003\307\003\277\003\271\000\040\003\263\003\271\003\261\000\040\003\304\003\267\003\275\000\040\003\225\003\300\003\314\003\274\003\265\003\275\003\267\000\040\003\243\003\305\003\275\003\254\003\275\003\304\003\267\003\303\003\267}{section.17}% 68
\BOOKMARK [1][-]{section.18}{\376\377\003\243\003\305\003\275\003\254\003\275\003\304\003\267\003\303\003\267\000\040\003\303\003\304\003\277\000\040\003\234\003\237\003\240\000\040\003\303\003\304\003\271\003\302\000\040\0007\000\040\003\235\003\277\003\265\003\274\003\262\003\301\003\257\003\277\003\305\000\040\0002\0000\0002\0003}{}% 69
\BOOKMARK [2][-]{subsection.18.1}{\376\377\003\240\003\301\003\271\003\275\000\040\003\304\003\267\003\275\000\040\003\303\003\305\003\275\003\254\003\275\003\304\003\267\003\303\003\267}{section.18}% 70
\BOOKMARK [3][-]{subsubsection.18.1.1}{\376\377\003\237\003\301\003\271\003\303\003\274\003\277\003\257}{subsection.18.1}% 71
\BOOKMARK [3][-]{subsubsection.18.1.2}{\376\377\003\240\003\271\003\270\003\261\003\275\003\255\003\302\000\040\003\303\003\305\003\275\003\261\003\301\003\304\003\256\003\303\003\265\003\271\003\302\000\040\003\300\003\261\003\301\003\261\003\263\003\311\003\263\003\256\003\302}{subsection.18.1}% 72
\BOOKMARK [3][-]{subsubsection.18.1.3}{\376\377\000A\000b\000a\000t\000e\000m\000e\000n\000t\000\040\000c\000o\000s\000t}{subsection.18.1}% 73
\BOOKMARK [2][-]{subsection.18.2}{\376\377\003\244\003\271\000\040\003\265\003\257\003\300\003\261\003\274\003\265\000\040\003\303\003\304\003\267\003\275\000\040\003\303\003\305\003\275\003\254\003\275\003\304\003\267\003\303\003\267\000\040\000-\000\040\003\237\003\301\003\271\003\303\003\274\003\314\003\302\000\040\003\300\003\301\003\277\003\262\003\273\003\256\003\274\003\261\003\304\003\277\003\302}{section.18}% 74
\BOOKMARK [3][-]{subsubsection.18.2.1}{\376\377\003\222\003\256\003\274\003\261\000\040\0001}{subsection.18.2}% 75
\BOOKMARK [3][-]{subsubsection.18.2.2}{\376\377\003\222\003\256\003\274\003\261\000\040\0002}{subsection.18.2}% 76
\BOOKMARK [3][-]{subsubsection.18.2.3}{\376\377\003\222\003\256\003\274\003\261\000\040\0003\000\040\000-\000\040\003\222\003\265\003\273\003\304\003\271\003\316\003\303\003\265\003\271\003\302}{subsection.18.2}% 77
\BOOKMARK [1][-]{section.19}{\376\377\003\243\003\305\003\275\003\254\003\275\003\304\003\267\003\303\003\267\000\040\0001\0004\000\040\003\235\003\277\003\265\003\274\003\262\003\301\003\257\003\277\003\305\000\040\0002\0000\0002\0003\000\040\003\303\003\304\003\277\000\040\003\234\003\237\003\240}{}% 78
\BOOKMARK [1][-]{section.20}{\376\377\003\243\003\305\003\275\003\254\003\275\003\304\003\267\003\303\003\267\000\040\0002\0008\000\040\003\235\003\277\003\265\003\274\003\262\003\301\003\257\003\277\003\305\000\040\0002\0000\0002\0003}{}% 79
\BOOKMARK [1][-]{section.21}{\376\377\003\243\003\305\003\275\003\254\003\275\003\304\003\267\003\303\003\267\000\040\003\303\003\304\003\271\003\302\000\040\0001\0002\000/\0001\0002\000/\0002\0003}{}% 80
\BOOKMARK [1][-]{section.22}{\376\377\003\243\003\305\003\275\003\254\003\275\003\304\003\267\003\303\003\267\000\040\003\303\003\304\003\271\003\302\000\040\0001\0009\000/\0001\0002\000/\0002\0003}{}% 81
\BOOKMARK [1][-]{section.23}{\376\377\003\224\003\271\003\261\003\264\003\271\003\272\003\304\003\305\003\261\003\272\003\256\000\040\003\303\003\305\003\275\003\254\003\275\003\304\003\267\003\303\003\267\000\040\0002\0007\000/\0002\000/\0002\0004}{}% 82
\BOOKMARK [1][-]{section.24}{\376\377\003\225\003\300\003\261\003\275\003\265\003\272\003\272\003\257\003\275\003\267\003\303\003\267\000\040\0002\0002\000/\0004\000/\0002\0004}{}% 83
\BOOKMARK [1][-]{section.25}{\376\377\003\240\003\267\003\263\003\255\003\302\000,\000\040\003\261\003\300\003\314\000\040\0002\0003\000/\0005\000/\0002\0003}{}% 84
