\BOOKMARK [1][-]{section.1}{\376\377\003\240\003\265\003\301\003\271\003\263\003\301\003\261\003\306\003\256}{}% 1
\BOOKMARK [1][-]{section.2}{\376\377\003\224\003\265\003\264\003\277\003\274\003\255\003\275\003\261}{}% 2
\BOOKMARK [2][-]{subsection.2.1}{\376\377\003\240\003\267\003\263\003\255\003\302\000\040\003\264\003\265\003\264\003\277\003\274\003\255\003\275\003\311\003\275}{section.2}% 3
\BOOKMARK [2][-]{subsection.2.2}{\376\377\003\225\003\300\003\271\003\273\003\277\003\263\003\256\000\040\003\264\003\265\003\264\003\277\003\274\003\255\003\275\003\311\003\275}{section.2}% 4
\BOOKMARK [1][-]{section.3}{\376\377\003\240\003\265\003\271\003\301\003\254\003\274\003\261\003\304\003\261}{}% 5
\BOOKMARK [1][-]{section.4}{\376\377\003\221\003\300\003\277\003\304\003\265\003\273\003\255\003\303\003\274\003\261\003\304\003\261}{}% 6
\BOOKMARK [2][-]{subsection.4.1}{\376\377\003\240\003\265\003\257\003\301\003\261\003\274\003\261\000\040\0001}{section.4}% 7
\BOOKMARK [2][-]{subsection.4.2}{\376\377\003\240\003\265\003\257\003\301\003\261\003\274\003\261\000\040\0002}{section.4}% 8
\BOOKMARK [2][-]{subsection.4.3}{\376\377\003\240\003\265\003\257\003\301\003\261\003\274\003\261\000\040\0003}{section.4}% 9
\BOOKMARK [2][-]{subsection.4.4}{\376\377\003\240\003\265\003\257\003\301\003\261\003\274\003\261\000\040\0004}{section.4}% 10
\BOOKMARK [1][-]{section.5}{\376\377\003\240\003\301\003\277\003\304\003\254\003\303\003\265\003\271\003\302}{}% 11
\BOOKMARK [1][-]{section.6}{\376\377\003\210\003\275\003\270\003\265\003\304\003\277}{}% 12
\BOOKMARK [1][-]{section.7}{\376\377\003\225\003\300\003\261\003\275\003\265\003\272\003\257\003\275\003\267\003\303\003\267\000\040\003\274\003\265\003\304\003\254\000\040\003\304\003\261\000\040\003\247\003\301\003\271\003\303\003\304\003\277\003\315\003\263\003\265\003\275\003\275\003\261}{}% 13
\BOOKMARK [1][-]{section.8}{\376\377\003\224\003\277\003\272\003\271\003\274\003\255\003\302\000\040\003\263\003\271\003\261\000\040\003\264\003\271\003\261\003\306\003\277\003\301\003\265\003\304\003\271\003\272\003\254\000\040\003\262\003\254\003\301\003\267\000\040\003\303\003\304\003\271\003\302\000\040\003\300\003\261\003\301\003\261\003\274\003\255\003\304\003\301\003\277\003\305\003\302}{}% 14
\BOOKMARK [1][-]{section.9}{\376\377\003\223\003\271\003\261\000\040\003\304\003\267\000\040\0003\0001\003\267\000\040\003\223\003\265\003\275\003\254\003\301\003\267}{}% 15
\BOOKMARK [1][-]{section.10}{\376\377\003\223\003\271\003\221\000\040\003\304\003\267\003\275\000\040\0002\0008\003\267\000\040\003\246\003\265\003\262\003\301\003\277\003\305\003\261\003\301\003\257\003\277\003\305}{}% 16
\BOOKMARK [2][-]{subsection.10.1}{\376\377\003\221\003\273\003\273\003\261\003\263\003\256\000\040\0001}{section.10}% 17
\BOOKMARK [2][-]{subsection.10.2}{\376\377\003\234\003\265\003\303\003\261\003\257\003\261\000\040\003\307\003\316\003\301\003\261\000\040\003\261\003\275\003\254\000\040\003\304\003\261\000\040\003\255\003\304\003\267}{section.10}% 18
\BOOKMARK [2][-]{subsection.10.3}{\376\377\003\214\003\273\003\265\003\302\000\040\003\277\003\271\000\040\003\307\003\316\003\301\003\265\003\302\000\040\003\263\003\271\003\261\000\040\003\314\003\273\003\261\000\040\003\304\003\261\000\040\003\255\003\304\003\267}{section.10}% 19
\BOOKMARK [1][-]{section.11}{\376\377\003\223\003\271\003\261\000\040\003\304\003\267\000\040\0007\003\267\000\040\003\246\003\273\003\265\003\262\003\254\003\301\003\267}{}% 20
